{"C:\\Users\\NSDF\\Documents\\Workspace\\WebstormProjects\\javascript-code-challenge\\src\\day1\\Counter.ts": {"path":"C:\\Users\\NSDF\\Documents\\Workspace\\WebstormProjects\\javascript-code-challenge\\src\\day1\\Counter.ts","all":false,"statementMap":{"0":{"start":{"line":1,"column":0},"end":{"line":1,"column":38}},"1":{"start":{"line":2,"column":0},"end":{"line":2,"column":22}},"2":{"start":{"line":3,"column":0},"end":{"line":3,"column":31}},"3":{"start":{"line":4,"column":0},"end":{"line":4,"column":19}},"4":{"start":{"line":5,"column":0},"end":{"line":5,"column":21}},"5":{"start":{"line":6,"column":0},"end":{"line":6,"column":5}},"6":{"start":{"line":7,"column":0},"end":{"line":7,"column":1}},"7":{"start":{"line":8,"column":0},"end":{"line":8,"column":0}},"8":{"start":{"line":9,"column":0},"end":{"line":9,"column":29}}},"s":{"0":1,"1":1,"2":1,"3":3,"4":3,"5":3,"6":1,"7":1,"8":1},"branchMap":{"0":{"type":"branch","line":1,"loc":{"start":{"line":1,"column":22},"end":{"line":7,"column":1}},"locations":[{"start":{"line":1,"column":22},"end":{"line":7,"column":1}}]},"1":{"type":"branch","line":3,"loc":{"start":{"line":3,"column":11},"end":{"line":6,"column":5}},"locations":[{"start":{"line":3,"column":11},"end":{"line":6,"column":5}}]}},"b":{"0":[1],"1":[3]},"fnMap":{"0":{"name":"createCounter","decl":{"start":{"line":1,"column":22},"end":{"line":7,"column":1}},"loc":{"start":{"line":1,"column":22},"end":{"line":7,"column":1}},"line":1},"1":{"name":"counter","decl":{"start":{"line":3,"column":11},"end":{"line":6,"column":5}},"loc":{"start":{"line":3,"column":11},"end":{"line":6,"column":5}},"line":3}},"f":{"0":1,"1":3}}
}
